Week10/app/build/intermediates/manifest_merge_blame_file/debug/manifest-merger-blame-debug-report.txt
1<?xml version="1.0" encoding="utf-8"?>
2<manifest xmlns:android="http://schemas.android.com/apk/res/android"
3    package="com.example.week10_29072"
4    android:versionCode="1"
5    android:versionName="1.0" >
6
7    <uses-sdk
8        android:minSdkVersion="25"
8-->src\main\AndroidManifest.xml
9        android:targetSdkVersion="30" />
9-->src\main\AndroidManifest.xml
10
11    <application
11-->src\main\AndroidManifest.xml:5:5-32:19
12        android:allowBackup="true"
12-->src\main\AndroidManifest.xml:6:9-35
13        android:appComponentFactory="androidx.core.app.CoreComponentFactory"
13-->[androidx.core:core:1.3.1] AndroidManifest.xml:24:18-86
14        android:debuggable="true"
15        android:extractNativeLibs="false"
16        android:icon="@mipmap/ic_launcher"
16-->src\main\AndroidManifest.xml:7:9-43
17        android:label="@string/app_name"
17-->src\main\AndroidManifest.xml:8:9-41
18        android:roundIcon="@mipmap/ic_launcher_round"
18-->src\main\AndroidManifest.xml:9:9-54
19        android:supportsRtl="true"
19-->src\main\AndroidManifest.xml:10:9-35
20        android:testOnly="true"
21        android:theme="@style/Theme.Week10_29072" >
21-->src\main\AndroidManifest.xml:11:9-50
22        <service
22-->src\main\AndroidManifest.xml:12:9-15:47
23            android:name="com.example.week10_29072.Tutorial4.CustomBoundService"
23-->src\main\AndroidManifest.xml:13:13-57
24            android:enabled="true"
24-->src\main\AndroidManifest.xml:14:13-35
25            android:exported="true" />
25-->src\main\AndroidManifest.xml:15:13-36
26        <service
26-->src\main\AndroidManifest.xml:16:9-19:39
27            android:name="com.example.week10_29072.Tutorial3.CustomService"
27-->src\main\AndroidManifest.xml:17:13-52
28            android:enabled="true"
28-->src\main\AndroidManifest.xml:18:13-35
29            android:exported="true" />
29-->src\main\AndroidManifest.xml:19:13-36
30        <service android:name="com.example.week10_29072.Tutorial3.SimpleIntentService" />
30-->src\main\AndroidManifest.xml:20:9-66
30-->src\main\AndroidManifest.xml:20:18-63
31
32        <activity android:name="com.example.week10_29072.Tutorial4.Tutorial4" />
32-->src\main\AndroidManifest.xml:21:9-57
32-->src\main\AndroidManifest.xml:21:19-54
33        <activity android:name="com.example.week10_29072.Tutorial3.Tutorial3" />
33-->src\main\AndroidManifest.xml:22:9-57
33-->src\main\AndroidManifest.xml:22:19-54
34        <activity android:name="com.example.week10_29072.Tutorial2" />
34-->src\main\AndroidManifest.xml:23:9-47
34-->src\main\AndroidManifest.xml:23:19-44
35        <activity android:name="com.example.week10_29072.Tutorial1" />
35-->src\main\AndroidManifest.xml:24:9-47
35-->src\main\AndroidManifest.xml:24:19-44
36        <activity android:name="com.example.week10_29072.MainActivity" >
36-->src\main\AndroidManifest.xml:25:9-31:20
36-->src\main\AndroidManifest.xml:25:19-47
37            <intent-filter>
37-->src\main\AndroidManifest.xml:26:13-30:29
38                <action android:name="android.intent.action.MAIN" />
38-->src\main\AndroidManifest.xml:27:17-69
38-->src\main\AndroidManifest.xml:27:25-66
39
40                <category android:name="android.intent.category.LAUNCHER" />
40-->src\main\AndroidManifest.xml:29:17-77
40-->src\main\AndroidManifest.xml:29:27-74
41            </intent-filter>
42        </activity>
43    </application>
44
45</manifest>